This file contains any messages produced by compilers while
running configure, to aid debugging if configure makes a mistake.

It was created by s3fs configure 1.80, which was
generated by GNU Autoconf 2.69.  Invocation command line was

  $ ./configure 

## --------- ##
## Platform. ##
## --------- ##

hostname = kaz-Lenovo-ideapad-500S-14ISK
uname -m = x86_64
uname -r = 4.4.0-66-generic
uname -s = Linux
uname -v = #87-Ubuntu SMP Fri Mar 3 15:29:05 UTC 2017

/usr/bin/uname -p = unknown
/bin/uname -X     = unknown

/bin/arch              = unknown
/usr/bin/arch -k       = unknown
/usr/convex/getsysinfo = unknown
/usr/bin/hostinfo      = unknown
/bin/machine           = unknown
/usr/bin/oslevel       = unknown
/bin/universe          = unknown

PATH: /home/kaz/bin
PATH: /home/kaz/.local/bin
PATH: /usr/local/sbin
PATH: /usr/local/bin
PATH: /usr/sbin
PATH: /usr/bin
PATH: /sbin
PATH: /bin
PATH: /usr/games
PATH: /usr/local/games
PATH: /snap/bin


## ----------- ##
## Core tests. ##
## ----------- ##

configure:2295: checking build system type
configure:2309: result: x86_64-pc-linux-gnu
configure:2329: checking host system type
configure:2342: result: x86_64-pc-linux-gnu
configure:2362: checking target system type
configure:2375: result: x86_64-pc-linux-gnu
configure:2418: checking for a BSD-compatible install
configure:2486: result: /usr/bin/install -c
configure:2497: checking whether build environment is sane
configure:2552: result: yes
configure:2703: checking for a thread-safe mkdir -p
configure:2742: result: /bin/mkdir -p
configure:2749: checking for gawk
configure:2779: result: no
configure:2749: checking for mawk
configure:2765: found /usr/bin/mawk
configure:2776: result: mawk
configure:2787: checking whether make sets $(MAKE)
configure:2809: result: yes
configure:2838: checking whether make supports nested variables
configure:2855: result: yes
configure:3040: checking for g++
configure:3056: found /usr/bin/g++
configure:3067: result: g++
configure:3094: checking for C++ compiler version
configure:3103: g++ --version >&5
g++ (Ubuntu 5.4.0-6ubuntu1~16.04.4) 5.4.0 20160609
Copyright (C) 2015 Free Software Foundation, Inc.
This is free software; see the source for copying conditions.  There is NO
warranty; not even for MERCHANTABILITY or FITNESS FOR A PARTICULAR PURPOSE.

configure:3114: $? = 0
configure:3103: g++ -v >&5
Using built-in specs.
COLLECT_GCC=g++
COLLECT_LTO_WRAPPER=/usr/lib/gcc/x86_64-linux-gnu/5/lto-wrapper
Target: x86_64-linux-gnu
Configured with: ../src/configure -v --with-pkgversion='Ubuntu 5.4.0-6ubuntu1~16.04.4' --with-bugurl=file:///usr/share/doc/gcc-5/README.Bugs --enable-languages=c,ada,c++,java,go,d,fortran,objc,obj-c++ --prefix=/usr --program-suffix=-5 --enable-shared --enable-linker-build-id --libexecdir=/usr/lib --without-included-gettext --enable-threads=posix --libdir=/usr/lib --enable-nls --with-sysroot=/ --enable-clocale=gnu --enable-libstdcxx-debug --enable-libstdcxx-time=yes --with-default-libstdcxx-abi=new --enable-gnu-unique-object --disable-vtable-verify --enable-libmpx --enable-plugin --with-system-zlib --disable-browser-plugin --enable-java-awt=gtk --enable-gtk-cairo --with-java-home=/usr/lib/jvm/java-1.5.0-gcj-5-amd64/jre --enable-java-home --with-jvm-root-dir=/usr/lib/jvm/java-1.5.0-gcj-5-amd64 --with-jvm-jar-dir=/usr/lib/jvm-exports/java-1.5.0-gcj-5-amd64 --with-arch-directory=amd64 --with-ecj-jar=/usr/share/java/eclipse-ecj.jar --enable-objc-gc --enable-multiarch --disable-werror --with-arch-32=i686 --with-abi=m64 --with-multilib-list=m32,m64,mx32 --enable-multilib --with-tune=generic --enable-checking=release --build=x86_64-linux-gnu --host=x86_64-linux-gnu --target=x86_64-linux-gnu
Thread model: posix
gcc version 5.4.0 20160609 (Ubuntu 5.4.0-6ubuntu1~16.04.4) 
configure:3114: $? = 0
configure:3103: g++ -V >&5
g++: error: unrecognized command line option '-V'
g++: fatal error: no input files
compilation terminated.
configure:3114: $? = 1
configure:3103: g++ -qversion >&5
g++: error: unrecognized command line option '-qversion'
g++: fatal error: no input files
compilation terminated.
configure:3114: $? = 1
configure:3134: checking whether the C++ compiler works
configure:3156: g++    conftest.cpp  >&5
configure:3160: $? = 0
configure:3208: result: yes
configure:3211: checking for C++ compiler default output file name
configure:3213: result: a.out
configure:3219: checking for suffix of executables
configure:3226: g++ -o conftest    conftest.cpp  >&5
configure:3230: $? = 0
configure:3252: result: 
configure:3274: checking whether we are cross compiling
configure:3282: g++ -o conftest    conftest.cpp  >&5
configure:3286: $? = 0
configure:3293: ./conftest
configure:3297: $? = 0
configure:3312: result: no
configure:3317: checking for suffix of object files
configure:3339: g++ -c   conftest.cpp >&5
configure:3343: $? = 0
configure:3364: result: o
configure:3368: checking whether we are using the GNU C++ compiler
configure:3387: g++ -c   conftest.cpp >&5
configure:3387: $? = 0
configure:3396: result: yes
configure:3405: checking whether g++ accepts -g
configure:3425: g++ -c -g  conftest.cpp >&5
configure:3425: $? = 0
configure:3466: result: yes
configure:3500: checking for style of include used by make
configure:3528: result: GNU
configure:3554: checking dependency style of g++
configure:3665: result: gcc3
configure:3728: checking for gcc
configure:3744: found /usr/bin/gcc
configure:3755: result: gcc
configure:3984: checking for C compiler version
configure:3993: gcc --version >&5
gcc (Ubuntu 5.4.0-6ubuntu1~16.04.4) 5.4.0 20160609
Copyright (C) 2015 Free Software Foundation, Inc.
This is free software; see the source for copying conditions.  There is NO
warranty; not even for MERCHANTABILITY or FITNESS FOR A PARTICULAR PURPOSE.

configure:4004: $? = 0
configure:3993: gcc -v >&5
Using built-in specs.
COLLECT_GCC=gcc
COLLECT_LTO_WRAPPER=/usr/lib/gcc/x86_64-linux-gnu/5/lto-wrapper
Target: x86_64-linux-gnu
Configured with: ../src/configure -v --with-pkgversion='Ubuntu 5.4.0-6ubuntu1~16.04.4' --with-bugurl=file:///usr/share/doc/gcc-5/README.Bugs --enable-languages=c,ada,c++,java,go,d,fortran,objc,obj-c++ --prefix=/usr --program-suffix=-5 --enable-shared --enable-linker-build-id --libexecdir=/usr/lib --without-included-gettext --enable-threads=posix --libdir=/usr/lib --enable-nls --with-sysroot=/ --enable-clocale=gnu --enable-libstdcxx-debug --enable-libstdcxx-time=yes --with-default-libstdcxx-abi=new --enable-gnu-unique-object --disable-vtable-verify --enable-libmpx --enable-plugin --with-system-zlib --disable-browser-plugin --enable-java-awt=gtk --enable-gtk-cairo --with-java-home=/usr/lib/jvm/java-1.5.0-gcj-5-amd64/jre --enable-java-home --with-jvm-root-dir=/usr/lib/jvm/java-1.5.0-gcj-5-amd64 --with-jvm-jar-dir=/usr/lib/jvm-exports/java-1.5.0-gcj-5-amd64 --with-arch-directory=amd64 --with-ecj-jar=/usr/share/java/eclipse-ecj.jar --enable-objc-gc --enable-multiarch --disable-werror --with-arch-32=i686 --with-abi=m64 --with-multilib-list=m32,m64,mx32 --enable-multilib --with-tune=generic --enable-checking=release --build=x86_64-linux-gnu --host=x86_64-linux-gnu --target=x86_64-linux-gnu
Thread model: posix
gcc version 5.4.0 20160609 (Ubuntu 5.4.0-6ubuntu1~16.04.4) 
configure:4004: $? = 0
configure:3993: gcc -V >&5
gcc: error: unrecognized command line option '-V'
gcc: fatal error: no input files
compilation terminated.
configure:4004: $? = 1
configure:3993: gcc -qversion >&5
gcc: error: unrecognized command line option '-qversion'
gcc: fatal error: no input files
compilation terminated.
configure:4004: $? = 1
configure:4008: checking whether we are using the GNU C compiler
configure:4027: gcc -c   conftest.c >&5
configure:4027: $? = 0
configure:4036: result: yes
configure:4045: checking whether gcc accepts -g
configure:4065: gcc -c -g  conftest.c >&5
configure:4065: $? = 0
configure:4106: result: yes
configure:4123: checking for gcc option to accept ISO C89
configure:4186: gcc  -c -g -O2  conftest.c >&5
configure:4186: $? = 0
configure:4199: result: none needed
configure:4224: checking whether gcc understands -c and -o together
configure:4246: gcc -c conftest.c -o conftest2.o
configure:4249: $? = 0
configure:4246: gcc -c conftest.c -o conftest2.o
configure:4249: $? = 0
configure:4261: result: yes
configure:4280: checking dependency style of gcc
configure:4391: result: gcc3
configure:4413: checking how to run the C preprocessor
configure:4444: gcc -E  conftest.c
configure:4444: $? = 0
configure:4458: gcc -E  conftest.c
conftest.c:11:28: fatal error: ac_nonexistent.h: No such file or directory
compilation terminated.
configure:4458: $? = 1
configure: failed program was:
| /* confdefs.h */
| #define PACKAGE_NAME "s3fs"
| #define PACKAGE_TARNAME "s3fs"
| #define PACKAGE_VERSION "1.80"
| #define PACKAGE_STRING "s3fs 1.80"
| #define PACKAGE_BUGREPORT ""
| #define PACKAGE_URL ""
| #define PACKAGE "s3fs"
| #define VERSION "1.80"
| /* end confdefs.h.  */
| #include <ac_nonexistent.h>
configure:4483: result: gcc -E
configure:4503: gcc -E  conftest.c
configure:4503: $? = 0
configure:4517: gcc -E  conftest.c
conftest.c:11:28: fatal error: ac_nonexistent.h: No such file or directory
compilation terminated.
configure:4517: $? = 1
configure: failed program was:
| /* confdefs.h */
| #define PACKAGE_NAME "s3fs"
| #define PACKAGE_TARNAME "s3fs"
| #define PACKAGE_VERSION "1.80"
| #define PACKAGE_STRING "s3fs 1.80"
| #define PACKAGE_BUGREPORT ""
| #define PACKAGE_URL ""
| #define PACKAGE "s3fs"
| #define VERSION "1.80"
| /* end confdefs.h.  */
| #include <ac_nonexistent.h>
configure:4546: checking for grep that handles long lines and -e
configure:4604: result: /bin/grep
configure:4609: checking for egrep
configure:4671: result: /bin/grep -E
configure:4676: checking for ANSI C header files
configure:4696: gcc -c -g -O2  conftest.c >&5
configure:4696: $? = 0
configure:4769: gcc -o conftest -g -O2   conftest.c  >&5
configure:4769: $? = 0
configure:4769: ./conftest
configure:4769: $? = 0
configure:4780: result: yes
configure:4793: checking for sys/types.h
configure:4793: gcc -c -g -O2  conftest.c >&5
configure:4793: $? = 0
configure:4793: result: yes
configure:4793: checking for sys/stat.h
configure:4793: gcc -c -g -O2  conftest.c >&5
configure:4793: $? = 0
configure:4793: result: yes
configure:4793: checking for stdlib.h
configure:4793: gcc -c -g -O2  conftest.c >&5
configure:4793: $? = 0
configure:4793: result: yes
configure:4793: checking for string.h
configure:4793: gcc -c -g -O2  conftest.c >&5
configure:4793: $? = 0
configure:4793: result: yes
configure:4793: checking for memory.h
configure:4793: gcc -c -g -O2  conftest.c >&5
configure:4793: $? = 0
configure:4793: result: yes
configure:4793: checking for strings.h
configure:4793: gcc -c -g -O2  conftest.c >&5
configure:4793: $? = 0
configure:4793: result: yes
configure:4793: checking for inttypes.h
configure:4793: gcc -c -g -O2  conftest.c >&5
configure:4793: $? = 0
configure:4793: result: yes
configure:4793: checking for stdint.h
configure:4793: gcc -c -g -O2  conftest.c >&5
configure:4793: $? = 0
configure:4793: result: yes
configure:4793: checking for unistd.h
configure:4793: gcc -c -g -O2  conftest.c >&5
configure:4793: $? = 0
configure:4793: result: yes
configure:4807: checking sys/xattr.h usability
configure:4807: gcc -c -g -O2  conftest.c >&5
configure:4807: $? = 0
configure:4807: result: yes
configure:4807: checking sys/xattr.h presence
configure:4807: gcc -E  conftest.c
configure:4807: $? = 0
configure:4807: result: yes
configure:4807: checking for sys/xattr.h
configure:4807: result: yes
configure:4819: checking attr/xattr.h usability
configure:4819: gcc -c -g -O2  conftest.c >&5
conftest.c:55:24: fatal error: attr/xattr.h: No such file or directory
compilation terminated.
configure:4819: $? = 1
configure: failed program was:
| /* confdefs.h */
| #define PACKAGE_NAME "s3fs"
| #define PACKAGE_TARNAME "s3fs"
| #define PACKAGE_VERSION "1.80"
| #define PACKAGE_STRING "s3fs 1.80"
| #define PACKAGE_BUGREPORT ""
| #define PACKAGE_URL ""
| #define PACKAGE "s3fs"
| #define VERSION "1.80"
| #define STDC_HEADERS 1
| #define HAVE_SYS_TYPES_H 1
| #define HAVE_SYS_STAT_H 1
| #define HAVE_STDLIB_H 1
| #define HAVE_STRING_H 1
| #define HAVE_MEMORY_H 1
| #define HAVE_STRINGS_H 1
| #define HAVE_INTTYPES_H 1
| #define HAVE_STDINT_H 1
| #define HAVE_UNISTD_H 1
| #define HAVE_SYS_XATTR_H 1
| /* end confdefs.h.  */
| #include <stdio.h>
| #ifdef HAVE_SYS_TYPES_H
| # include <sys/types.h>
| #endif
| #ifdef HAVE_SYS_STAT_H
| # include <sys/stat.h>
| #endif
| #ifdef STDC_HEADERS
| # include <stdlib.h>
| # include <stddef.h>
| #else
| # ifdef HAVE_STDLIB_H
| #  include <stdlib.h>
| # endif
| #endif
| #ifdef HAVE_STRING_H
| # if !defined STDC_HEADERS && defined HAVE_MEMORY_H
| #  include <memory.h>
| # endif
| # include <string.h>
| #endif
| #ifdef HAVE_STRINGS_H
| # include <strings.h>
| #endif
| #ifdef HAVE_INTTYPES_H
| # include <inttypes.h>
| #endif
| #ifdef HAVE_STDINT_H
| # include <stdint.h>
| #endif
| #ifdef HAVE_UNISTD_H
| # include <unistd.h>
| #endif
| #include <attr/xattr.h>
configure:4819: result: no
configure:4819: checking attr/xattr.h presence
configure:4819: gcc -E  conftest.c
conftest.c:22:24: fatal error: attr/xattr.h: No such file or directory
compilation terminated.
configure:4819: $? = 1
configure: failed program was:
| /* confdefs.h */
| #define PACKAGE_NAME "s3fs"
| #define PACKAGE_TARNAME "s3fs"
| #define PACKAGE_VERSION "1.80"
| #define PACKAGE_STRING "s3fs 1.80"
| #define PACKAGE_BUGREPORT ""
| #define PACKAGE_URL ""
| #define PACKAGE "s3fs"
| #define VERSION "1.80"
| #define STDC_HEADERS 1
| #define HAVE_SYS_TYPES_H 1
| #define HAVE_SYS_STAT_H 1
| #define HAVE_STDLIB_H 1
| #define HAVE_STRING_H 1
| #define HAVE_MEMORY_H 1
| #define HAVE_STRINGS_H 1
| #define HAVE_INTTYPES_H 1
| #define HAVE_STDINT_H 1
| #define HAVE_UNISTD_H 1
| #define HAVE_SYS_XATTR_H 1
| /* end confdefs.h.  */
| #include <attr/xattr.h>
configure:4819: result: no
configure:4819: checking for attr/xattr.h
configure:4819: result: no
configure:4831: checking sys/extattr.h usability
configure:4831: gcc -c -g -O2  conftest.c >&5
conftest.c:55:25: fatal error: sys/extattr.h: No such file or directory
compilation terminated.
configure:4831: $? = 1
configure: failed program was:
| /* confdefs.h */
| #define PACKAGE_NAME "s3fs"
| #define PACKAGE_TARNAME "s3fs"
| #define PACKAGE_VERSION "1.80"
| #define PACKAGE_STRING "s3fs 1.80"
| #define PACKAGE_BUGREPORT ""
| #define PACKAGE_URL ""
| #define PACKAGE "s3fs"
| #define VERSION "1.80"
| #define STDC_HEADERS 1
| #define HAVE_SYS_TYPES_H 1
| #define HAVE_SYS_STAT_H 1
| #define HAVE_STDLIB_H 1
| #define HAVE_STRING_H 1
| #define HAVE_MEMORY_H 1
| #define HAVE_STRINGS_H 1
| #define HAVE_INTTYPES_H 1
| #define HAVE_STDINT_H 1
| #define HAVE_UNISTD_H 1
| #define HAVE_SYS_XATTR_H 1
| /* end confdefs.h.  */
| #include <stdio.h>
| #ifdef HAVE_SYS_TYPES_H
| # include <sys/types.h>
| #endif
| #ifdef HAVE_SYS_STAT_H
| # include <sys/stat.h>
| #endif
| #ifdef STDC_HEADERS
| # include <stdlib.h>
| # include <stddef.h>
| #else
| # ifdef HAVE_STDLIB_H
| #  include <stdlib.h>
| # endif
| #endif
| #ifdef HAVE_STRING_H
| # if !defined STDC_HEADERS && defined HAVE_MEMORY_H
| #  include <memory.h>
| # endif
| # include <string.h>
| #endif
| #ifdef HAVE_STRINGS_H
| # include <strings.h>
| #endif
| #ifdef HAVE_INTTYPES_H
| # include <inttypes.h>
| #endif
| #ifdef HAVE_STDINT_H
| # include <stdint.h>
| #endif
| #ifdef HAVE_UNISTD_H
| # include <unistd.h>
| #endif
| #include <sys/extattr.h>
configure:4831: result: no
configure:4831: checking sys/extattr.h presence
configure:4831: gcc -E  conftest.c
conftest.c:22:25: fatal error: sys/extattr.h: No such file or directory
compilation terminated.
configure:4831: $? = 1
configure: failed program was:
| /* confdefs.h */
| #define PACKAGE_NAME "s3fs"
| #define PACKAGE_TARNAME "s3fs"
| #define PACKAGE_VERSION "1.80"
| #define PACKAGE_STRING "s3fs 1.80"
| #define PACKAGE_BUGREPORT ""
| #define PACKAGE_URL ""
| #define PACKAGE "s3fs"
| #define VERSION "1.80"
| #define STDC_HEADERS 1
| #define HAVE_SYS_TYPES_H 1
| #define HAVE_SYS_STAT_H 1
| #define HAVE_STDLIB_H 1
| #define HAVE_STRING_H 1
| #define HAVE_MEMORY_H 1
| #define HAVE_STRINGS_H 1
| #define HAVE_INTTYPES_H 1
| #define HAVE_STDINT_H 1
| #define HAVE_UNISTD_H 1
| #define HAVE_SYS_XATTR_H 1
| /* end confdefs.h.  */
| #include <sys/extattr.h>
configure:4831: result: no
configure:4831: checking for sys/extattr.h
configure:4831: result: no
configure:4859: checking s3fs build with nettle(GnuTLS)
configure:4879: result: no
configure:4885: checking s3fs build with OpenSSL
configure:4909: result: no
configure:4915: checking s3fs build with GnuTLS
configure:4945: result: no
configure:4951: checking s3fs build with NSS
configure:4981: result: no
configure:5051: checking for pkg-config
configure:5069: found /usr/bin/pkg-config
configure:5081: result: /usr/bin/pkg-config
configure:5106: checking pkg-config is at least version 0.9.0
configure:5109: result: yes
configure:5119: checking for common_lib_checking
configure:5126: $PKG_CONFIG --exists --print-errors "fuse >= ${min_fuse_version} libcurl >= 7.0 libxml-2.0 >= 2.6"
configure:5129: $? = 0
configure:5143: $PKG_CONFIG --exists --print-errors "fuse >= ${min_fuse_version} libcurl >= 7.0 libxml-2.0 >= 2.6"
configure:5146: $? = 0
configure:5204: result: yes
configure:5209: checking compile s3fs with
configure:5213: result: OpenSSL
configure:5217: checking for DEPS
configure:5224: $PKG_CONFIG --exists --print-errors "fuse >= ${min_fuse_version} libcurl >= 7.0 libxml-2.0 >= 2.6 libcrypto >= 0.9"
configure:5227: $? = 0
configure:5241: $PKG_CONFIG --exists --print-errors "fuse >= ${min_fuse_version} libcurl >= 7.0 libxml-2.0 >= 2.6 libcrypto >= 0.9"
configure:5244: $? = 0
configure:5302: result: yes
configure:5820: checking for malloc_trim
configure:5820: gcc -o conftest -g -O2   conftest.c  >&5
configure:5820: $? = 0
configure:5820: result: yes
configure:5830: checking for library containing clock_gettime
configure:5861: gcc -o conftest -g -O2   conftest.c  >&5
configure:5861: $? = 0
configure:5878: result: none required
configure:5888: checking for clock_gettime
configure:5888: gcc -o conftest -g -O2   conftest.c  >&5
configure:5888: $? = 0
configure:5888: result: yes
configure:5898: checking pthread mutex recursive
configure:5912: gcc -c -g -O2  conftest.c >&5
configure:5912: $? = 0
configure:5916: result: PTHREAD_MUTEX_RECURSIVE
configure:5953: checking for git
configure:5969: found /usr/bin/git
configure:5981: result: yes
configure:5989: checking for .git
configure:6002: result: yes
configure:6011: checking github short commit hash
configure:6020: result: 43df947
configure:6138: checking that generated files are newer than configure
configure:6144: result: done
configure:6187: creating ./config.status

## ---------------------- ##
## Running config.status. ##
## ---------------------- ##

This file was extended by s3fs config.status 1.80, which was
generated by GNU Autoconf 2.69.  Invocation command line was

  CONFIG_FILES    = 
  CONFIG_HEADERS  = 
  CONFIG_LINKS    = 
  CONFIG_COMMANDS = 
  $ ./config.status 

on kaz-Lenovo-ideapad-500S-14ISK

config.status:895: creating Makefile
config.status:895: creating src/Makefile
config.status:895: creating test/Makefile
config.status:895: creating doc/Makefile
config.status:895: creating config.h
config.status:1124: executing depfiles commands

## ---------------- ##
## Cache variables. ##
## ---------------- ##

ac_cv_build=x86_64-pc-linux-gnu
ac_cv_c_compiler_gnu=yes
ac_cv_cxx_compiler_gnu=yes
ac_cv_env_CCC_set=
ac_cv_env_CCC_value=
ac_cv_env_CC_set=
ac_cv_env_CC_value=
ac_cv_env_CFLAGS_set=
ac_cv_env_CFLAGS_value=
ac_cv_env_CPPFLAGS_set=
ac_cv_env_CPPFLAGS_value=
ac_cv_env_CPP_set=
ac_cv_env_CPP_value=
ac_cv_env_CXXFLAGS_set=
ac_cv_env_CXXFLAGS_value=
ac_cv_env_CXX_set=
ac_cv_env_CXX_value=
ac_cv_env_DEPS_CFLAGS_set=
ac_cv_env_DEPS_CFLAGS_value=
ac_cv_env_DEPS_LIBS_set=
ac_cv_env_DEPS_LIBS_value=
ac_cv_env_LDFLAGS_set=
ac_cv_env_LDFLAGS_value=
ac_cv_env_LIBS_set=
ac_cv_env_LIBS_value=
ac_cv_env_PKG_CONFIG_LIBDIR_set=
ac_cv_env_PKG_CONFIG_LIBDIR_value=
ac_cv_env_PKG_CONFIG_PATH_set=
ac_cv_env_PKG_CONFIG_PATH_value=
ac_cv_env_PKG_CONFIG_set=
ac_cv_env_PKG_CONFIG_value=
ac_cv_env_build_alias_set=
ac_cv_env_build_alias_value=
ac_cv_env_common_lib_checking_CFLAGS_set=
ac_cv_env_common_lib_checking_CFLAGS_value=
ac_cv_env_common_lib_checking_LIBS_set=
ac_cv_env_common_lib_checking_LIBS_value=
ac_cv_env_host_alias_set=
ac_cv_env_host_alias_value=
ac_cv_env_target_alias_set=
ac_cv_env_target_alias_value=
ac_cv_file__git=yes
ac_cv_func_clock_gettime=yes
ac_cv_func_malloc_trim=yes
ac_cv_header_attr_xattr_h=no
ac_cv_header_inttypes_h=yes
ac_cv_header_memory_h=yes
ac_cv_header_stdc=yes
ac_cv_header_stdint_h=yes
ac_cv_header_stdlib_h=yes
ac_cv_header_string_h=yes
ac_cv_header_strings_h=yes
ac_cv_header_sys_extattr_h=no
ac_cv_header_sys_stat_h=yes
ac_cv_header_sys_types_h=yes
ac_cv_header_sys_xattr_h=yes
ac_cv_header_unistd_h=yes
ac_cv_host=x86_64-pc-linux-gnu
ac_cv_objext=o
ac_cv_path_EGREP='/bin/grep -E'
ac_cv_path_GREP=/bin/grep
ac_cv_path_ac_pt_PKG_CONFIG=/usr/bin/pkg-config
ac_cv_path_install='/usr/bin/install -c'
ac_cv_path_mkdir=/bin/mkdir
ac_cv_prog_AWK=mawk
ac_cv_prog_CPP='gcc -E'
ac_cv_prog_GITCMD=yes
ac_cv_prog_ac_ct_CC=gcc
ac_cv_prog_ac_ct_CXX=g++
ac_cv_prog_cc_c89=
ac_cv_prog_cc_g=yes
ac_cv_prog_cxx_g=yes
ac_cv_prog_make_make_set=yes
ac_cv_search_clock_gettime='none required'
ac_cv_target=x86_64-pc-linux-gnu
am_cv_CC_dependencies_compiler_type=gcc3
am_cv_CXX_dependencies_compiler_type=gcc3
am_cv_make_support_nested_variables=yes
am_cv_prog_cc_c_o=yes
pkg_cv_DEPS_CFLAGS='-D_FILE_OFFSET_BITS=64 -I/usr/include/fuse -I/usr/include/libxml2'
pkg_cv_DEPS_LIBS='-lfuse -pthread -lcurl -lxml2 -lcrypto'
pkg_cv_common_lib_checking_CFLAGS='-D_FILE_OFFSET_BITS=64 -I/usr/include/fuse -I/usr/include/libxml2'
pkg_cv_common_lib_checking_LIBS='-lfuse -pthread -lcurl -lxml2'

## ----------------- ##
## Output variables. ##
## ----------------- ##

ACLOCAL='${SHELL} /home/kaz/Desktop/4420Project/s3fs-fuse/missing aclocal-1.15'
AMDEPBACKSLASH='\'
AMDEP_FALSE='#'
AMDEP_TRUE=''
AMTAR='$${TAR-tar}'
AM_BACKSLASH='\'
AM_DEFAULT_V='$(AM_DEFAULT_VERBOSITY)'
AM_DEFAULT_VERBOSITY='1'
AM_V='$(V)'
AUTOCONF='${SHELL} /home/kaz/Desktop/4420Project/s3fs-fuse/missing autoconf'
AUTOHEADER='${SHELL} /home/kaz/Desktop/4420Project/s3fs-fuse/missing autoheader'
AUTOMAKE='${SHELL} /home/kaz/Desktop/4420Project/s3fs-fuse/missing automake-1.15'
AWK='mawk'
CC='gcc'
CCDEPMODE='depmode=gcc3'
CFLAGS='-g -O2'
CPP='gcc -E'
CPPFLAGS=''
CXX='g++'
CXXDEPMODE='depmode=gcc3'
CXXFLAGS='-g -O2 -Wall -D_FILE_OFFSET_BITS=64'
CYGPATH_W='echo'
DEFS='-DHAVE_CONFIG_H'
DEPDIR='.deps'
DEPS_CFLAGS='-D_FILE_OFFSET_BITS=64 -I/usr/include/fuse -I/usr/include/libxml2'
DEPS_LIBS='-lfuse -pthread -lcurl -lxml2 -lcrypto'
ECHO_C=''
ECHO_N='-n'
ECHO_T=''
EGREP='/bin/grep -E'
EXEEXT=''
GITCMD='yes'
GREP='/bin/grep'
INSTALL_DATA='${INSTALL} -m 644'
INSTALL_PROGRAM='${INSTALL}'
INSTALL_SCRIPT='${INSTALL}'
INSTALL_STRIP_PROGRAM='$(install_sh) -c -s'
LDFLAGS=''
LIBOBJS=''
LIBS=''
LTLIBOBJS=''
MAKEINFO='${SHELL} /home/kaz/Desktop/4420Project/s3fs-fuse/missing makeinfo'
MKDIR_P='/bin/mkdir -p'
OBJEXT='o'
PACKAGE='s3fs'
PACKAGE_BUGREPORT=''
PACKAGE_NAME='s3fs'
PACKAGE_STRING='s3fs 1.80'
PACKAGE_TARNAME='s3fs'
PACKAGE_URL=''
PACKAGE_VERSION='1.80'
PATH_SEPARATOR=':'
PKG_CONFIG='/usr/bin/pkg-config'
PKG_CONFIG_LIBDIR=''
PKG_CONFIG_PATH=''
SET_MAKE=''
SHELL='/bin/bash'
STRIP=''
USE_GNUTLS_NETTLE_FALSE=''
USE_GNUTLS_NETTLE_TRUE='#'
USE_SSL_GNUTLS_FALSE=''
USE_SSL_GNUTLS_TRUE='#'
USE_SSL_NSS_FALSE=''
USE_SSL_NSS_TRUE='#'
USE_SSL_OPENSSL_FALSE='#'
USE_SSL_OPENSSL_TRUE=''
VERSION='1.80'
ac_ct_CC='gcc'
ac_ct_CXX='g++'
am__EXEEXT_FALSE=''
am__EXEEXT_TRUE='#'
am__fastdepCC_FALSE='#'
am__fastdepCC_TRUE=''
am__fastdepCXX_FALSE='#'
am__fastdepCXX_TRUE=''
am__include='include'
am__isrc=''
am__leading_dot='.'
am__nodep='_no'
am__quote=''
am__tar='$${TAR-tar} chof - "$$tardir"'
am__untar='$${TAR-tar} xf -'
bindir='${exec_prefix}/bin'
build='x86_64-pc-linux-gnu'
build_alias=''
build_cpu='x86_64'
build_os='linux-gnu'
build_vendor='pc'
common_lib_checking_CFLAGS='-D_FILE_OFFSET_BITS=64 -I/usr/include/fuse -I/usr/include/libxml2'
common_lib_checking_LIBS='-lfuse -pthread -lcurl -lxml2'
datadir='${datarootdir}'
datarootdir='${prefix}/share'
docdir='${datarootdir}/doc/${PACKAGE_TARNAME}'
dvidir='${docdir}'
exec_prefix='${prefix}'
host='x86_64-pc-linux-gnu'
host_alias=''
host_cpu='x86_64'
host_os='linux-gnu'
host_vendor='pc'
htmldir='${docdir}'
includedir='${prefix}/include'
infodir='${datarootdir}/info'
install_sh='${SHELL} /home/kaz/Desktop/4420Project/s3fs-fuse/install-sh'
libdir='${exec_prefix}/lib'
libexecdir='${exec_prefix}/libexec'
localedir='${datarootdir}/locale'
localstatedir='${prefix}/var'
mandir='${datarootdir}/man'
mkdir_p='$(MKDIR_P)'
oldincludedir='/usr/include'
pdfdir='${docdir}'
prefix='/usr/local'
program_transform_name='s,x,x,'
psdir='${docdir}'
runstatedir='${localstatedir}/run'
sbindir='${exec_prefix}/sbin'
sharedstatedir='${prefix}/com'
sysconfdir='${prefix}/etc'
target='x86_64-pc-linux-gnu'
target_alias=''
target_cpu='x86_64'
target_os='linux-gnu'
target_vendor='pc'

## ----------- ##
## confdefs.h. ##
## ----------- ##

/* confdefs.h */
#define PACKAGE_NAME "s3fs"
#define PACKAGE_TARNAME "s3fs"
#define PACKAGE_VERSION "1.80"
#define PACKAGE_STRING "s3fs 1.80"
#define PACKAGE_BUGREPORT ""
#define PACKAGE_URL ""
#define PACKAGE "s3fs"
#define VERSION "1.80"
#define STDC_HEADERS 1
#define HAVE_SYS_TYPES_H 1
#define HAVE_SYS_STAT_H 1
#define HAVE_STDLIB_H 1
#define HAVE_STRING_H 1
#define HAVE_MEMORY_H 1
#define HAVE_STRINGS_H 1
#define HAVE_INTTYPES_H 1
#define HAVE_STDINT_H 1
#define HAVE_UNISTD_H 1
#define HAVE_SYS_XATTR_H 1
#define HAVE_MALLOC_TRIM 1
#define HAVE_CLOCK_GETTIME 1
#define S3FS_MUTEX_RECURSIVE PTHREAD_MUTEX_RECURSIVE
#define COMMIT_HASH_VAL "43df947"

configure: exit 0

## ---------------------- ##
## Running config.status. ##
## ---------------------- ##

This file was extended by s3fs config.status 1.80, which was
generated by GNU Autoconf 2.69.  Invocation command line was

  CONFIG_FILES    = 
  CONFIG_HEADERS  = 
  CONFIG_LINKS    = 
  CONFIG_COMMANDS = 
  $ ./config.status src/Makefile depfiles

on kaz-Lenovo-ideapad-500S-14ISK

config.status:895: creating src/Makefile
config.status:1124: executing depfiles commands

## ---------------------- ##
## Running config.status. ##
## ---------------------- ##

This file was extended by s3fs config.status 1.80, which was
generated by GNU Autoconf 2.69.  Invocation command line was

  CONFIG_FILES    = 
  CONFIG_HEADERS  = 
  CONFIG_LINKS    = 
  CONFIG_COMMANDS = 
  $ ./config.status src/Makefile depfiles

on kaz-Lenovo-ideapad-500S-14ISK

config.status:895: creating src/Makefile
config.status:1124: executing depfiles commands

## ---------------------- ##
## Running config.status. ##
## ---------------------- ##

This file was extended by s3fs config.status 1.80, which was
generated by GNU Autoconf 2.69.  Invocation command line was

  CONFIG_FILES    = 
  CONFIG_HEADERS  = 
  CONFIG_LINKS    = 
  CONFIG_COMMANDS = 
  $ ./config.status src/Makefile depfiles

on kaz-Lenovo-ideapad-500S-14ISK

config.status:895: creating src/Makefile
config.status:1124: executing depfiles commands

## ---------------------- ##
## Running config.status. ##
## ---------------------- ##

This file was extended by s3fs config.status 1.80, which was
generated by GNU Autoconf 2.69.  Invocation command line was

  CONFIG_FILES    = 
  CONFIG_HEADERS  = 
  CONFIG_LINKS    = 
  CONFIG_COMMANDS = 
  $ ./config.status src/Makefile depfiles

on kaz-Lenovo-ideapad-500S-14ISK

config.status:895: creating src/Makefile
config.status:1124: executing depfiles commands
